2025-05-04 08:10:21,992 INFO: Response Status: 200 [in /home/user/cfraud/backend/app.py:99]
2025-05-04 08:10:25,451 INFO: Response Status: 200 [in /home/user/cfraud/backend/app.py:99]
2025-05-04 08:10:25,451 INFO: Response Data: null [in /home/user/cfraud/backend/app.py:109]
2025-05-04 08:10:25,536 INFO: Response Status: 200 [in /home/user/cfraud/backend/app.py:99]
2025-05-04 08:12:05,273 INFO: Response Status: 200 [in /home/user/cfraud/backend/app.py:99]
2025-05-04 08:12:30,983 INFO: New user registered: admin [in /home/user/cfraud/backend/app.py:217]
2025-05-04 08:12:30,997 INFO: Activity logged for user 1: Registration [in /home/user/cfraud/backend/app.py:262]
2025-05-04 08:12:30,998 INFO: Response Status: 200 [in /home/user/cfraud/backend/app.py:99]
2025-05-04 08:12:30,999 INFO: Response Data: null [in /home/user/cfraud/backend/app.py:109]
2025-05-04 08:12:31,080 INFO: Response Status: 200 [in /home/user/cfraud/backend/app.py:99]
2025-05-04 08:13:08,446 INFO: User admin logged in successfully [in /home/user/cfraud/backend/app.py:161]
2025-05-04 08:13:08,451 INFO: Activity logged for user 1: Login [in /home/user/cfraud/backend/app.py:262]
2025-05-04 08:13:08,452 INFO: Response Status: 200 [in /home/user/cfraud/backend/app.py:99]
2025-05-04 08:13:08,452 INFO: Response Data: null [in /home/user/cfraud/backend/app.py:109]
2025-05-04 08:13:09,023 INFO: Response Status: 200 [in /home/user/cfraud/backend/app.py:99]
2025-05-04 08:13:09,442 INFO: Response Status: 200 [in /home/user/cfraud/backend/app.py:99]
2025-05-04 08:13:09,444 INFO: Response Data: {"data": [{"Amount": 149.62, "Class": 0, "Time": 0.0, "V1": -1.3598071336738, "V10": 0.0907941719789316, "V11": -0.551599533260813, "V12": -0.617800855762348, "V13": -0.991389847235408, "V14": -0.311169353699879, "V15": 1.46817697209427, "V16": -0.470400525259478, "V17": 0.207971241929242, "V18": 0.0257905801985591, "V19": 0.403992960255733, "V2": -0.0727811733098497, "V20": 0.251412098239705, "V21": -0.018306777944153, "V22": 0.277837575558899, "V23": -0.110473910188767, "V24": 0.0669280749146731, "V25": 0.128539358273528, "V26": -0.189114843888824, "V27": 0.133558376740387, "V28": -0.0210530534538215, "V3": 2.53634673796914, "V4": 1.37815522427443, "V5": -0.338320769942518, "V6": 0.462387777762292, "V7": 0.239598554061257, "V8": 0.0986979012610507, "V9": 0.363786969611213, "index": 0}, {"Amount": 2.69, "Class": 0, "Time": 0.0, "V1": 1.19185711131486, "V10": -0.166974414004614, "V11": 1.61272666105479, "V12": 1.06523531137287, "V13": 0.48909501589608, "V14": -0.143772296441519, "V15":... [truncated] [in /home/user/cfraud/backend/app.py:109]
2025-05-04 08:13:10,831 INFO: Response Status: 200 [in /home/user/cfraud/backend/app.py:99]
2025-05-04 08:13:10,835 INFO: Response Data: {"amount_distribution": {"fraud": {"0-10": 222, "10-50": 57, "100-500": 95, "1000-5000": 9, "50-100": 56, "500-1000": 26, "5000+": 0}, "non_fraud": {"0-10": 98217, "10-50": 90724, "100-500": 47271, "1000-5000": 2876, "50-100": 37198, "500-1000": 6176, "5000+": 55}}, "amount_stats": {"fraud": {"max": 2125.87, "mean": 122.21, "median": 9.25, "min": 0.0, "quartiles": [1.0, 9.25, 105.89], "std": 256.68}, "non_fraud": {"max": 25691.16, "mean": 88.29, "median": 22.0, "min": 0.0, "quartiles": [5.65, 22.0, 77.05], "std": 250.11}}, "correlations": {"all": {"Amount": 0.005631753006768552, "Class": 1.0, "Time": -0.012322570929245588, "V1": -0.10134729859508294, "V10": -0.21688294364103206, "V11": 0.15487564474394433, "V12": -0.26059292487722485, "V13": -0.004569778799461309, "V14": -0.3025436958044028, "V15": -0.004223402267856675, "V16": -0.19653894030401736, "V17": -0.32648106724371595, "V18": -0.11148525388904133, "V19": 0.034783013036515056, "V2": 0.0912886503446179, "V20": 0.0200903241969746... [truncated] [in /home/user/cfraud/backend/app.py:109]
2025-05-04 08:14:52,733 INFO: Response Status: 200 [in /home/user/cfraud/backend/app.py:99]
2025-05-04 08:14:52,734 INFO: Response Data: {"actual_class": "Not Fraud", "prediction": "Normal (Not Fraud)", "row_data": {"Amount": 378.66, "Class": 0.0, "Time": 1.0, "V1": -1.35835406159823, "V10": 0.207642865216696, "V11": 0.624501459424895, "V12": 0.066083685268831, "V13": 0.717292731410831, "V14": -0.165945922763554, "V15": 2.34586494901581, "V16": -2.89008319444231, "V17": 1.10996937869599, "V18": -0.121359313195888, "V19": -2.26185709530414, "V2": -1.34016307473609, "V20": 0.524979725224404, "V21": 0.247998153469754, "V22": 0.771679401917229, "V23": 0.909412262347719, "V24": -0.689280956490685, "V25": -0.327641833735251, "V26": -0.139096571514147, "V27": -0.0553527940384261, "V28": -0.0597518405929204, "V3": 1.77320934263119, "V4": 0.379779593034328, "V5": -0.503198133318193, "V6": 1.80049938079263, "V7": 0.791460956450422, "V8": 0.247675786588991, "V9": -1.51465432260583}} [in /home/user/cfraud/backend/app.py:109]
2025-05-04 08:15:25,078 INFO: File upload initiated [in /home/user/cfraud/backend/app.py:566]
2025-05-04 08:15:25,675 INFO: Generated dataset ID: e09159fd-798d-4a1a-ad00-ae6bb8fc5a2a [in /home/user/cfraud/backend/app.py:582]
2025-05-04 08:15:25,676 INFO: File saved to uploads/e09159fd-798d-4a1a-ad00-ae6bb8fc5a2a.csv [in /home/user/cfraud/backend/app.py:587]
2025-05-04 08:15:25,690 INFO: Successfully loaded CSV with 200 rows [in /home/user/cfraud/backend/app.py:592]
2025-05-04 08:15:25,693 INFO: Upload successful. Dataset stats: 200 total, 0 fraud [in /home/user/cfraud/backend/app.py:623]
2025-05-04 08:15:25,699 INFO: Response Status: 200 [in /home/user/cfraud/backend/app.py:99]
2025-05-04 08:15:25,703 INFO: Response Data: {"dataset_id": "e09159fd-798d-4a1a-ad00-ae6bb8fc5a2a", "preview": [{"Amount": 15.95, "Class": 0, "Time": 14432, "V1": 1.18290212697637, "V10": -0.366094962645873, "V11": 2.10014285504345, "V12": -2.22458732524474, "V13": 0.760338122923126, "V14": 1.8757599905308, "V15": 0.263567815751831, "V16": 0.533207297570222, "V17": 0.258589864720441, "V18": 0.42977803465333, "V19": -0.341692240441752, "V2": -0.17792072166456, "V20": -0.153713325361678, "V21": -0.0201166892499239, "V22": 0.154501453843097, "V23": -0.0267219467204327, "V24": -0.305490282707125, "V25": 0.114735910989484, "V26": 1.06658292296538, "V27": -0.0836687864392803, "V28": -0.0131022397816358, "V3": 0.705837254169412, "V4": 0.0917321577227733, "V5": -0.513346900696534, "V6": 0.126086925985649, "V7": -0.691260549382468, "V8": 0.160506877491614, "V9": 1.64436885400353}, {"Amount": 2126.13, "Class": 0, "Time": 14432, "V1": -2.25032398455975, "V10": -2.03488535652892, "V11": 0.107396013897017, "V12": -2.98704267047583, "V13": 1.5... [truncated] [in /home/user/cfraud/backend/app.py:109]
2025-05-04 08:15:38,711 INFO: File upload initiated [in /home/user/cfraud/backend/app.py:566]
2025-05-04 08:15:38,767 INFO: Generated dataset ID: 514ded9e-e955-43e5-8cd3-e9b6140c8408 [in /home/user/cfraud/backend/app.py:582]
2025-05-04 08:15:38,768 INFO: File saved to uploads/514ded9e-e955-43e5-8cd3-e9b6140c8408.csv [in /home/user/cfraud/backend/app.py:587]
2025-05-04 08:15:38,777 INFO: Successfully loaded CSV with 200 rows [in /home/user/cfraud/backend/app.py:592]
2025-05-04 08:15:38,780 INFO: Upload successful. Dataset stats: 200 total, 0 fraud [in /home/user/cfraud/backend/app.py:623]
2025-05-04 08:15:38,787 INFO: Response Status: 200 [in /home/user/cfraud/backend/app.py:99]
2025-05-04 08:15:38,789 INFO: Response Data: {"dataset_id": "514ded9e-e955-43e5-8cd3-e9b6140c8408", "preview": [{"Amount": 180.0, "Class": 0, "Time": 2127, "V1": 1.02508722649262, "V10": 0.576798976880781, "V11": -1.43200506711337, "V12": 0.501340789308704, "V13": 1.86827078542168, "V14": -0.557169578382565, "V15": 0.23728153218514, "V16": -1.25041716469632, "V17": -0.442558585177954, "V18": 1.55513303792602, "V19": -0.862707311285058, "V2": -0.883366358899378, "V20": -0.0775361109198428, "V21": -0.177850758198508, "V22": -0.183485176182222, "V23": -0.324199421620331, "V24": -0.428688676022996, "V25": 0.621831337287422, "V26": -0.193127897519191, "V27": 0.0539147333017226, "V28": 0.058505683629091, "V3": 0.436549396727157, "V4": 0.526058374190494, "V5": -0.884640136854331, "V6": 0.162742604553675, "V7": -0.43126868577411, "V8": -0.109893773777948, "V9": -0.619379086398372}, {"Amount": 9.95, "Class": 0, "Time": 2129, "V1": 1.26882564879591, "V10": 0.0919009308094034, "V11": 0.95202430946472, "V12": 0.195648443118395, "V13": -0.909... [truncated] [in /home/user/cfraud/backend/app.py:109]
2025-05-04 08:15:45,601 INFO: File upload initiated [in /home/user/cfraud/backend/app.py:566]
2025-05-04 08:15:45,608 INFO: Generated dataset ID: 88ccc472-fd5e-4a61-8e83-91b973af29fd [in /home/user/cfraud/backend/app.py:582]
2025-05-04 08:15:45,610 INFO: File saved to uploads/88ccc472-fd5e-4a61-8e83-91b973af29fd.csv [in /home/user/cfraud/backend/app.py:587]
2025-05-04 08:15:45,626 INFO: Successfully loaded CSV with 200 rows [in /home/user/cfraud/backend/app.py:592]
2025-05-04 08:15:45,630 INFO: Upload successful. Dataset stats: 200 total, 2 fraud [in /home/user/cfraud/backend/app.py:623]
2025-05-04 08:15:45,639 INFO: Response Status: 200 [in /home/user/cfraud/backend/app.py:99]
2025-05-04 08:15:45,641 INFO: Response Data: {"dataset_id": "88ccc472-fd5e-4a61-8e83-91b973af29fd", "preview": [{"Amount": 87.48, "Class": 0, "Time": 12484, "V1": -0.904263063730389, "V10": -1.25495085264799, "V11": 0.188963313788614, "V12": -2.40553240750123, "V13": 1.23788984747988, "V14": 1.15979476413067, "V15": -1.52483613555416, "V16": 0.693154198271026, "V17": -0.37856581717978, "V18": 0.998083340318223, "V19": -0.499558530388693, "V2": 0.310318795726294, "V20": 0.0036429742796694, "V21": -0.119473643050821, "V22": -0.174525451705192, "V23": -0.198981951105872, "V24": -1.81118490345959, "V25": 0.268359380257566, "V26": -0.486817847811903, "V27": 0.0729164801685937, "V28": 0.0819069885484482, "V3": 1.8981808991941, "V4": -0.130045997124817, "V5": 0.643777588830618, "V6": 1.67600239082759, "V7": 0.143747682721445, "V8": 0.500271215890189, "V9": 1.49021650720646}, {"Amount": 15.0, "Class": 0, "Time": 12486, "V1": -1.30358581074289, "V10": -0.358899572601894, "V11": 1.53004008526517, "V12": -1.83622811894756, "V13": 1.53018005... [truncated] [in /home/user/cfraud/backend/app.py:109]
2025-05-04 08:16:14,748 INFO: Analyzing dataset: 88ccc472-fd5e-4a61-8e83-91b973af29fd [in /home/user/cfraud/backend/app.py:690]
2025-05-04 08:16:14,749 INFO: Dataset loaded with 200 records [in /home/user/cfraud/backend/app.py:698]
2025-05-04 08:16:14,755 INFO: Running model predictions [in /home/user/cfraud/backend/app.py:707]
2025-05-04 08:16:14,776 INFO: Detected 0 anomalies [in /home/user/cfraud/backend/app.py:715]
2025-05-04 08:16:14,791 INFO: Response Status: 200 [in /home/user/cfraud/backend/app.py:99]
2025-05-04 08:16:14,792 INFO: Response Data: {"accuracy": 99.0, "amount_stats": {"fraud": {"max": 0, "mean": 0, "median": 0, "min": 0, "quartiles": [0, 0, 0], "std": 0}, "non_fraud": {"max": 1008.99, "mean": 62.47, "median": 19.05, "min": 0.0, "quartiles": [5.95, 19.05, 64.08], "std": 128.24}}, "anomalies_detected": 0, "anomalies_percentage": 0.0, "anomalies_preview": [], "confusion_matrix": {"false_negative": 0, "false_positive": 0, "true_negative": 0, "true_positive": 0}, "correlations": {"all": {"Amount": NaN, "Class": NaN, "Prediction": NaN, "Time": NaN, "V1": NaN, "V10": NaN, "V11": NaN, "V12": NaN, "V13": NaN, "V14": NaN, "V15": NaN, "V16": NaN, "V17": NaN, "V18": NaN, "V19": NaN, "V2": NaN, "V20": NaN, "V21": NaN, "V22": NaN, "V23": NaN, "V24": NaN, "V25": NaN, "V26": NaN, "V27": NaN, "V28": NaN, "V3": NaN, "V4": NaN, "V5": NaN, "V6": NaN, "V7": NaN, "V8": NaN, "V9": NaN}, "top_negative": {"Time": NaN, "V1": NaN, "V2": NaN, "V3": NaN, "V4": NaN, "V5": NaN, "V6": NaN, "V7": NaN, "V8": NaN, "V9": NaN}, "top_positive": {"Time... [truncated] [in /home/user/cfraud/backend/app.py:109]
2025-05-04 08:17:40,443 INFO: File upload initiated [in /home/user/cfraud/backend/app.py:566]
2025-05-04 08:17:40,449 INFO: Generated dataset ID: 07d4d41a-3872-4265-ad56-d556d315e922 [in /home/user/cfraud/backend/app.py:582]
2025-05-04 08:17:40,451 INFO: File saved to uploads/07d4d41a-3872-4265-ad56-d556d315e922.csv [in /home/user/cfraud/backend/app.py:587]
2025-05-04 08:17:40,468 INFO: Successfully loaded CSV with 200 rows [in /home/user/cfraud/backend/app.py:592]
2025-05-04 08:17:40,471 INFO: Upload successful. Dataset stats: 200 total, 0 fraud [in /home/user/cfraud/backend/app.py:623]
2025-05-04 08:17:40,480 INFO: Response Status: 200 [in /home/user/cfraud/backend/app.py:99]
2025-05-04 08:17:40,482 INFO: Response Data: {"dataset_id": "07d4d41a-3872-4265-ad56-d556d315e922", "preview": [{"Amount": 160.0, "Class": 0, "Time": 1083, "V1": -0.262598220611171, "V10": -1.9677043210905, "V11": 0.195354077901681, "V12": 0.904303038192986, "V13": -0.464480371180526, "V14": 1.00040381026233, "V15": 1.05576287153539, "V16": -0.591674703705355, "V17": 0.141054349406187, "V18": -0.431839685957986, "V19": -0.0098176314983566, "V2": 0.116950014896091, "V20": 0.835002606449747, "V21": -1.13926102253292, "V22": 0.454400728112713, "V23": -0.158976402840227, "V24": 0.976100183878629, "V25": 0.684378733810638, "V26": -0.106140952397171, "V27": 0.0409467221560921, "V28": 0.279432524925333, "V3": 0.110179660869986, "V4": -1.70301184197964, "V5": -0.877087439307739, "V6": -1.42743379263909, "V7": -0.325978185385275, "V8": -3.06502391486004, "V9": 0.437557149000768}, {"Amount": 158.0, "Class": 0, "Time": 1083, "V1": -3.02111829949255, "V10": -1.26082444018941, "V11": -1.08097670420929, "V12": 1.84272163632036, "V13": 3.099578... [truncated] [in /home/user/cfraud/backend/app.py:109]
2025-05-04 08:17:45,941 INFO: File upload initiated [in /home/user/cfraud/backend/app.py:566]
2025-05-04 08:17:45,949 INFO: Generated dataset ID: 231998bd-292e-43d3-8017-39458b8c70e8 [in /home/user/cfraud/backend/app.py:582]
2025-05-04 08:17:45,958 INFO: File saved to uploads/231998bd-292e-43d3-8017-39458b8c70e8.csv [in /home/user/cfraud/backend/app.py:587]
2025-05-04 08:17:45,975 INFO: Successfully loaded CSV with 200 rows [in /home/user/cfraud/backend/app.py:592]
2025-05-04 08:17:45,982 INFO: Upload successful. Dataset stats: 200 total, 0 fraud [in /home/user/cfraud/backend/app.py:623]
2025-05-04 08:17:45,992 INFO: Response Status: 200 [in /home/user/cfraud/backend/app.py:99]
2025-05-04 08:17:45,996 INFO: Response Data: {"dataset_id": "231998bd-292e-43d3-8017-39458b8c70e8", "preview": [{"Amount": 78.83, "Class": 0, "Time": 10857, "V1": 1.23493993857209, "V10": 0.389615110408276, "V11": 1.78461184655046, "V12": -3.12691932889452, "V13": 0.923846815835113, "V14": 1.55635186195719, "V15": -0.114322169791055, "V16": 1.37050005293385, "V17": 0.732284327947643, "V18": -0.371683098025467, "V19": 0.305954673416147, "V2": -0.834012961048322, "V20": 0.112491973114754, "V21": 0.26690166904385, "V22": 0.775603738299889, "V23": -0.245532371707345, "V24": -0.692109423020913, "V25": 0.478100481898665, "V26": -0.0138417581010604, "V27": -0.01733348203057, "V28": 0.0002720082672745, "V3": 0.366845843078605, "V4": -0.697014750823549, "V5": -0.737622384270339, "V6": 0.298400766626866, "V7": -0.986303815447525, "V8": 0.11519242144294, "V9": 0.582139239362715}, {"Amount": 37.45, "Class": 0, "Time": 10857, "V1": -0.561085010834758, "V10": -0.765684643174405, "V11": 2.74986674910616, "V12": -1.29550283806083, "V13": 2.70024... [truncated] [in /home/user/cfraud/backend/app.py:109]
2025-05-04 08:17:51,347 INFO: File upload initiated [in /home/user/cfraud/backend/app.py:566]
2025-05-04 08:17:51,356 INFO: Generated dataset ID: 87ef63f6-7a03-43a9-9a3e-950dadec4df7 [in /home/user/cfraud/backend/app.py:582]
2025-05-04 08:17:51,359 INFO: File saved to uploads/87ef63f6-7a03-43a9-9a3e-950dadec4df7.csv [in /home/user/cfraud/backend/app.py:587]
2025-05-04 08:17:51,381 INFO: Successfully loaded CSV with 200 rows [in /home/user/cfraud/backend/app.py:592]
2025-05-04 08:17:51,387 INFO: Upload successful. Dataset stats: 200 total, 0 fraud [in /home/user/cfraud/backend/app.py:623]
2025-05-04 08:17:51,405 INFO: Response Status: 200 [in /home/user/cfraud/backend/app.py:99]
2025-05-04 08:17:51,409 INFO: Response Data: {"dataset_id": "87ef63f6-7a03-43a9-9a3e-950dadec4df7", "preview": [{"Amount": 12.99, "Class": 0, "Time": 15013, "V1": -3.17239877669769, "V10": 0.281657083768103, "V11": 0.326394513854196, "V12": -1.88331737969132, "V13": 1.51559522583253, "V14": 1.51452176335975, "V15": -0.673817182209128, "V16": -0.959059522467146, "V17": 1.61841487490022, "V18": -0.431343538857167, "V19": 0.196571583190226, "V2": 1.06840134787646, "V20": -0.770826343883573, "V21": -0.378947522752394, "V22": 0.4664250240589, "V23": 0.762349462511201, "V24": 0.369844776917989, "V25": 0.204650154739746, "V26": -0.239300342081501, "V27": 0.514388237949599, "V28": 0.0483498684648052, "V3": 0.552259775156393, "V4": 1.51140763308908, "V5": -0.445805827990362, "V6": -0.41813512968702, "V7": -0.45048606498285, "V8": 0.735977462648786, "V9": 1.90912953759336}, {"Amount": 3.79, "Class": 0, "Time": 15014, "V1": -0.83707714119888, "V10": 0.88952149986025, "V11": 1.74841325120619, "V12": -2.53369557335992, "V13": 0.78043044663736... [truncated] [in /home/user/cfraud/backend/app.py:109]
2025-05-04 08:17:56,162 INFO: File upload initiated [in /home/user/cfraud/backend/app.py:566]
2025-05-04 08:17:56,173 INFO: Generated dataset ID: c4373068-a12f-42a2-a896-00e9ba73eaf2 [in /home/user/cfraud/backend/app.py:582]
2025-05-04 08:17:56,175 INFO: File saved to uploads/c4373068-a12f-42a2-a896-00e9ba73eaf2.csv [in /home/user/cfraud/backend/app.py:587]
2025-05-04 08:17:56,195 INFO: Successfully loaded CSV with 200 rows [in /home/user/cfraud/backend/app.py:592]
2025-05-04 08:17:56,199 INFO: Upload successful. Dataset stats: 200 total, 2 fraud [in /home/user/cfraud/backend/app.py:623]
2025-05-04 08:17:56,213 INFO: Response Status: 200 [in /home/user/cfraud/backend/app.py:99]
2025-05-04 08:17:56,218 INFO: Response Data: {"dataset_id": "c4373068-a12f-42a2-a896-00e9ba73eaf2", "preview": [{"Amount": 515.41, "Class": 0, "Time": 17705, "V1": -2.36537898025941, "V10": 0.533896005808102, "V11": 1.23932669814943, "V12": -2.37626550714688, "V13": 1.31904766042848, "V14": 1.10843087636897, "V15": -1.28477629426121, "V16": 0.216916719171261, "V17": 0.829488295203311, "V18": 0.844292298124984, "V19": 1.47535908737632, "V2": 0.911659664378399, "V20": -0.578141104171386, "V21": -0.676700838696022, "V22": -0.21719712233599, "V23": 0.364676599225894, "V24": -0.0109332969508599, "V25": 0.264170476717849, "V26": 0.16626949395671, "V27": 0.21706858066955, "V28": -0.719609039501836, "V3": 1.42561221072972, "V4": 3.25278608039832, "V5": -2.72476316685901, "V6": 2.42847706441473, "V7": 1.65878914207218, "V8": 0.307598749823381, "V9": 0.76494868733667}, {"Amount": 15.99, "Class": 0, "Time": 17708, "V1": -1.147206517752, "V10": -0.376978579720683, "V11": 2.65212840181323, "V12": -1.1535593673771, "V13": 1.50934112619558, "V1... [truncated] [in /home/user/cfraud/backend/app.py:109]
2025-05-04 08:17:59,918 INFO: Analyzing dataset: c4373068-a12f-42a2-a896-00e9ba73eaf2 [in /home/user/cfraud/backend/app.py:690]
2025-05-04 08:17:59,919 INFO: Dataset loaded with 200 records [in /home/user/cfraud/backend/app.py:698]
2025-05-04 08:17:59,920 INFO: Running model predictions [in /home/user/cfraud/backend/app.py:707]
2025-05-04 08:17:59,959 INFO: Detected 5 anomalies [in /home/user/cfraud/backend/app.py:715]
2025-05-04 08:18:00,005 INFO: Response Status: 200 [in /home/user/cfraud/backend/app.py:99]
2025-05-04 08:18:00,013 INFO: Response Data: {"accuracy": 98.5, "amount_stats": {"fraud": {"max": 1218.89, "mean": 451.04, "median": 89.99, "min": 89.99, "quartiles": [89.99, 89.99, 766.36], "std": 519.64}, "non_fraud": {"max": 1264.35, "mean": 71.87, "median": 11.85, "min": 0.0, "quartiles": [6.7, 11.85, 39.99], "std": 167.62}}, "anomalies_detected": 5, "anomalies_percentage": 2.5, "anomalies_preview": [{"Amount": 89.99, "Class": 0, "Prediction": 1, "Time": 17789, "V1": -2.60904145979899, "V10": -11.1528907327478, "V11": 9.76987381012323, "V12": -15.1178893864435, "V13": -0.0826875476479458, "V14": -13.6240915668357, "V15": -0.492064522945436, "V16": -10.1155599523526, "V17": -16.8253442775322, "V18": -5.12564475721405, "V19": 2.06005366594767, "V2": 4.49190041649208, "V20": 1.52072320061296, "V21": 1.55119792802262, "V22": -0.212868427823655, "V23": 0.233112633306594, "V24": -0.0458925256169603, "V25": -0.0753650974990028, "V26": -0.313184611381896, "V27": 1.97412328051297, "V28": 0.813181376017964, "V3": -8.46452816598349, "V4... [truncated] [in /home/user/cfraud/backend/app.py:109]
2025-05-04 08:20:28,271 INFO: Response Status: 200 [in /home/user/cfraud/backend/app.py:99]
2025-05-04 08:21:18,523 INFO: Activity logged for user 1: Logout [in /home/user/cfraud/backend/app.py:262]
2025-05-04 08:21:18,524 INFO: Response Status: 200 [in /home/user/cfraud/backend/app.py:99]
2025-05-04 08:21:18,524 INFO: Response Data: null [in /home/user/cfraud/backend/app.py:109]
2025-05-04 08:21:18,612 INFO: Response Status: 200 [in /home/user/cfraud/backend/app.py:99]
